Welcome to Xilinx CORE Generator.
Help system initialized.
The IP Catalog has been reloaded.
Wrote CGP file for project 'coregen'.
Saved CGP file for project 'coregen'.
Saved CGP file for project 'coregen'.
Customize and GenerateINFO:sim:172 - Generating IP...
Applying current project options...
Finished applying current project options.
Resolving generics for 'fifo29_32768'...
Applying external generics to 'fifo29_32768'...
Delivering associated files for 'fifo29_32768'...
Delivering EJava files for 'fifo29_32768'...
Generating implementation netlist for 'fifo29_32768'...
INFO:sim - Pre-processing HDL files for 'fifo29_32768'...
WARNING:sim - BlackBox generator run option '-ifmt' found multiple times. Only
   the first occurence is considered.
Running synthesis for 'fifo29_32768'
Running ngcbuild...
Writing VEO instantiation template for 'fifo29_32768'...
Writing Verilog behavioral simulation model for 'fifo29_32768'...
WARNING:sim - Overwriting existing file
   /home/tmatsuya/Dropbox/fpga/AtlysProjectAom/hdmits/cores/coregen/tmp/_cg/fifo
   29_32768/doc/fifo_generator_v9_3_vinfo.html with file from view
   xilinx_documentation
Delivered 3 files into directory
/home/tmatsuya/Dropbox/fpga/AtlysProjectAom/hdmits/cores/coregen/tmp/_cg/fifo29_
32768
Delivered 1 file into directory
/home/tmatsuya/Dropbox/fpga/AtlysProjectAom/hdmits/cores/coregen/tmp/_cg/fifo29_
32768
Generating ASY schematic symbol...
INFO:sim:949 - Finished generation of ASY schematic symbol.
Generating metadata file...
Generating ISE project file for 'fifo29_32768'...
Generating ISE project...
XCO file found: fifo29_32768.xco
XMDF file found: fifo29_32768_xmdf.tcl
Adding
/home/tmatsuya/Dropbox/fpga/AtlysProjectAom/hdmits/cores/coregen/tmp/_cg/fifo29_
32768.asy -view all -origin_type imported
Adding
/home/tmatsuya/Dropbox/fpga/AtlysProjectAom/hdmits/cores/coregen/tmp/_cg/fifo29_
32768.ngc -view all -origin_type created
Checking file
"/home/tmatsuya/Dropbox/fpga/AtlysProjectAom/hdmits/cores/coregen/tmp/_cg/fifo29
_32768.ngc" for project device match ...
File
"/home/tmatsuya/Dropbox/fpga/AtlysProjectAom/hdmits/cores/coregen/tmp/_cg/fifo29
_32768.ngc" device information matches project device.
Adding
/home/tmatsuya/Dropbox/fpga/AtlysProjectAom/hdmits/cores/coregen/tmp/_cg/fifo29_
32768.v -view all -origin_type created
INFO:HDLCompiler:1845 - Analyzing Verilog file
   "/home/tmatsuya/Dropbox/fpga/AtlysProjectAom/hdmits/cores/coregen/tmp/_cg/fif
   o29_32768.v" into library work
INFO:ProjectMgmt - Parsing design hierarchy completed successfully.
Adding
/home/tmatsuya/Dropbox/fpga/AtlysProjectAom/hdmits/cores/coregen/tmp/_cg/fifo29_
32768.veo -view all -origin_type imported
INFO:TclTasksC:2116 - The automatic calculation of top has been turned-off.
   Please set the new top explicitly by running the "project set top" command.
   To re-calculate the new top automatically, set the "Auto Implementation Top"
   property to true.
Top level has been set to "/fifo29_32768"
Generating README file...
Generating FLIST file...
INFO:sim:948 - Finished FLIST file generation.
Launching README viewer...
Moving files to output directory...
Finished moving files to output directory
Saved CGP file for project 'coregen'.
Saved CGP file for project 'coregen'.
Closed project file.
